#
# A fatal error has been detected by the Java Runtime Environment:
#
#  SIGSEGV (0xb) at pc=0x000000011dbb4352, pid=17953, tid=2571
#
# JRE version: Java(TM) SE Runtime Environment (8.0_05-b13) (build 1.8.0_05-b13)
# Java VM: Java HotSpot(TM) 64-Bit Server VM (25.5-b02 mixed mode bsd-amd64 compressed oops)
# Problematic frame:
# C  [libglass.dylib+0x28352]  -[GlassWindow_Normal sendEvent:]+0x82
#
# Failed to write core dump. Core dumps have been disabled. To enable core dumping, try "ulimit -c unlimited" before starting Java again
#
# If you would like to submit a bug report, please visit:
#   http://bugreport.sun.com/bugreport/crash.jsp
# The crash happened outside the Java Virtual Machine in native code.
# See problematic frame for where to report the bug.
#

---------------  T H R E A D  ---------------

Current thread (0x00007f852a0b8800):  JavaThread "JavaFX Application Thread" [_thread_in_native, id=2571, stack(0x00007fff5838a000,0x00007fff58b8a000)]

siginfo:si_signo=SIGSEGV: si_errno=0, si_code=0 (SEGV0), si_addr=0x0000000000000000

Registers:
RAX=0x8000000000000000, RBX=0x00007f85294bb900, RCX=0x0000000000000020, RDX=0x000000000008ded0
RSP=0x00007fff58b87300, RBP=0x00007fff58b87320, RSI=0x0000000107093a00, RDI=0x0000000107093a00
R8 =0x0000000000000005, R9 =0x00007f852bb8c9c0, R10=0x0000000002be113a, R11=0x00007f8529500000
R12=0x00007f85294bb900, R13=0x00007f852961d4f0, R14=0x00007f85295942d0, R15=0x0000000000000000
RIP=0x000000011dbb4352, EFLAGS=0x0000000000010202, ERR=0x0000000000000000
  TRAPNO=0x000000000000000d

Top of Stack: (sp=0x00007fff58b87300)
0x00007fff58b87300:   00007f85295942d0 000000011dbd6888
0x00007fff58b87310:   00007fff8ba254c0 1600f4364914f383
0x00007fff58b87320:   00007fff58b87570 00007fff87eabe49
0x00007fff58b87330:   00000001295942d0 00007f85295942d0
0x00007fff58b87340:   00007f85294bb900 0000000000000001
0x00007fff58b87350:   000000f800000003 0000000000000001
0x00007fff58b87360:   40896f7800000000 4070bc7000000000
0x00007fff58b87370:   4030ef0000000000 402d8e0000000000
0x00007fff58b87380:   00006731774b0a0d 000008e400000100
0x00007fff58b87390:   0000000000018c5f 0000000000000000
0x00007fff58b873a0:   0000000400000000 0000000000000000
0x00007fff58b873b0:   0000000000000001 000000010000209e
0x00007fff58b873c0:   0000000000004621 00018c5f0026b26b
0x00007fff58b873d0:   0000000000000000 000000011963c7ef
0x00007fff58b873e0:   00000000000000ff 0000000000000000
0x00007fff58b873f0:   0000000000000000 0000000000000000
0x00007fff58b87400:   0000000000000000 000008e400000000
0x00007fff58b87410:   00000001000008e4 0000000000000000
0x00007fff58b87420:   0000000000000000 0000000004380129
0x00007fff58b87430:   00007f852bc48310 0000000000000000
0x00007fff58b87440:   0000000000000000 000000f800000003
0x00007fff58b87450:   0000000000000001 40896f7800000000
0x00007fff58b87460:   4070bc7000000000 4030ef0000000000
0x00007fff58b87470:   402d8e0000000000 00006731774b0a0d
0x00007fff58b87480:   000008e400000100 0000000000018c5f
0x00007fff58b87490:   0000000000000000 0000000400000000
0x00007fff58b874a0:   0000000000000000 00007fff93de435d
0x00007fff58b874b0:   000000010708f420 0000000000000002
0x00007fff58b874c0:   00007fff58b874e0 00007fff93de42ed
0x00007fff58b874d0:   00007f8529404310 00007fff718d9a40
0x00007fff58b874e0:   00007fff58b87548 00007fff73a97e80
0x00007fff58b874f0:   00007fff73a98490 00007f85294bb900 

Instructions: (pc=0x000000011dbb4352)
0x000000011dbb4332:   02 00 48 8d 7d e0 48 89 da e8 bc 5f 00 00 48 8b
0x000000011dbb4342:   05 b1 f6 01 00 4a 8b 04 30 48 8b 0d 96 fb 01 00
0x000000011dbb4352:   48 8b 3c 08 48 8d 35 03 19 02 00 ff 15 fd 18 02
0x000000011dbb4362:   00 48 83 c4 10 5b 41 5e 5d c3 0f 1f 40 00 55 48 

Register to memory mapping:

RAX=0x8000000000000000 is an unknown value
RBX=0x00007f85294bb900 is an unknown value
RCX=0x0000000000000020 is an unknown value
RDX=0x000000000008ded0 is an unknown value
RSP=0x00007fff58b87300 is pointing into the stack for thread: 0x00007f852a0b8800
RBP=0x00007fff58b87320 is pointing into the stack for thread: 0x00007f852a0b8800
RSI=0x0000000107093a00 is an unknown value
RDI=0x0000000107093a00 is an unknown value
R8 =0x0000000000000005 is an unknown value
R9 =0x00007f852bb8c9c0 is an unknown value
R10=0x0000000002be113a is an unknown value
R11=0x00007f8529500000 is an unknown value
R12=0x00007f85294bb900 is an unknown value
R13=0x00007f852961d4f0 is an unknown value
R14=0x00007f85295942d0 is an unknown value
R15=0x0000000000000000 is an unknown value


Stack: [0x00007fff5838a000,0x00007fff58b8a000],  sp=0x00007fff58b87300,  free space=8180k
Native frames: (J=compiled Java code, j=interpreted, Vv=VM code, C=native code)
C  [libglass.dylib+0x28352]  -[GlassWindow_Normal sendEvent:]+0x82
C  [AppKit+0x14ce49]  -[NSApplication sendEvent:]+0x9ec
C  [AppKit+0x8003a]  -[NSApplication run]+0x31c
C  [libglass.dylib+0xbfb5]  -[GlassApplication runLoop:]+0x6a5
C  [Foundation+0x8dd4b]  __NSThreadPerformPerform+0x117
C  [CoreFoundation+0x7e5c1]  __CFRUNLOOP_IS_CALLING_OUT_TO_A_SOURCE0_PERFORM_FUNCTION__+0x11
C  [CoreFoundation+0x7041c]  __CFRunLoopDoSources0+0x22c
C  [CoreFoundation+0x6f93f]  __CFRunLoopRun+0x39f
C  [CoreFoundation+0x6f338]  CFRunLoopRunSpecific+0x128
C  [java+0x56cb]  CreateExecutionEnvironment+0x367
C  [java+0x166c]  JLI_Launch+0x7a0
C  [java+0x7689]  main+0x65
C  [java+0xec4]  start+0x34


---------------  P R O C E S S  ---------------

Java Threads: ( => current thread )
  0x00007f852a164800 JavaThread "Prism Font Disposer" daemon [_thread_blocked, id=51719, stack(0x000070000155f000,0x000070000165f000)]
  0x00007f852b06d800 JavaThread "JavaFX-Launcher" [_thread_blocked, id=48643, stack(0x000070000145c000,0x000070000155c000)]
  0x00007f852a0ef000 JavaThread "Thread-3" daemon [_thread_in_native, id=36355, stack(0x0000700001356000,0x00007000013d6000)]
=>0x00007f852a0b8800 JavaThread "JavaFX Application Thread" [_thread_in_native, id=2571, stack(0x00007fff5838a000,0x00007fff58b8a000)]
  0x00007f852a0b7800 JavaThread "Thread-1" daemon [_thread_blocked, id=24067, stack(0x000070000114d000,0x000070000124d000)]
  0x00007f852a842800 JavaThread "QuantumRenderer-0" daemon [_thread_blocked, id=19459, stack(0x0000700000fc7000,0x00007000010c7000)]
  0x00007f852a80e000 JavaThread "Service Thread" daemon [_thread_blocked, id=18435, stack(0x0000700000dc1000,0x0000700000ec1000)]
  0x00007f852a04b800 JavaThread "C1 CompilerThread2" daemon [_thread_blocked, id=17923, stack(0x0000700000cbe000,0x0000700000dbe000)]
  0x00007f852a019000 JavaThread "C2 CompilerThread1" daemon [_thread_blocked, id=17411, stack(0x0000700000bbb000,0x0000700000cbb000)]
  0x00007f852a04a000 JavaThread "C2 CompilerThread0" daemon [_thread_blocked, id=16899, stack(0x0000700000ab8000,0x0000700000bb8000)]
  0x00007f852b002800 JavaThread "Signal Dispatcher" daemon [_thread_blocked, id=12815, stack(0x00007000009b5000,0x0000700000ab5000)]
  0x00007f852b002000 JavaThread "Finalizer" daemon [_thread_blocked, id=12291, stack(0x000070000082f000,0x000070000092f000)]
  0x00007f852a80b000 JavaThread "Reference Handler" daemon [_thread_blocked, id=11779, stack(0x000070000072c000,0x000070000082c000)]
  0x00007f852a002000 JavaThread "main" [_thread_blocked, id=5891, stack(0x000070000011a000,0x000070000021a000)]

Other Threads:
  0x00007f852a806000 VMThread [stack: 0x0000700000629000,0x0000700000729000] [id=11267]
  0x00007f852a053800 WatcherThread [stack: 0x0000700000ec4000,0x0000700000fc4000] [id=18947]

VM state:not at safepoint (normal execution)

VM Mutex/Monitor currently owned by a thread: None

Heap:
 PSYoungGen      total 8192K, used 4829K [0x00000007aab00000, 0x00000007ab880000, 0x00000007c0000000)
  eden space 6656K, 57% used [0x00000007aab00000,0x00000007aaeb7400,0x00000007ab180000)
  from space 1536K, 66% used [0x00000007ab180000,0x00000007ab280000,0x00000007ab300000)
  to   space 1536K, 0% used [0x00000007ab700000,0x00000007ab700000,0x00000007ab880000)
 ParOldGen       total 64000K, used 3068K [0x0000000780000000, 0x0000000783e80000, 0x00000007aab00000)
  object space 64000K, 4% used [0x0000000780000000,0x00000007802ff040,0x0000000783e80000)
 Metaspace       used 12113K, capacity 12670K, committed 12928K, reserved 1060864K
  class space    used 1866K, capacity 1906K, committed 1920K, reserved 1048576K

Card table byte_map: [0x0000000117e80000,0x0000000118081000] byte_map_base: 0x0000000114280000

Marking Bits: (ParMarkBitMap*) 0x00000001084660a0
 Begin Bits: [0x00000001181d7000, 0x00000001191d7000)
 End Bits:   [0x00000001191d7000, 0x000000011a1d7000)

Polling page: 0x0000000107337000

CodeCache: size=245760Kb used=2955Kb max_used=2966Kb free=242804Kb
 bounds [0x0000000108ac0000, 0x0000000108db0000, 0x0000000117ac0000]
 total_blobs=1338 nmethods=763 adapters=491
 compilation: enabled

Compilation events (10 events):
Event: 7.811 Thread 0x00007f852a04b800  760       1       com.sun.javafx.geom.transform.GeneralTransform3D::isIdentity (5 bytes)
Event: 7.811 Thread 0x00007f852a04b800 nmethod 760 0x0000000108da2d90 code [0x0000000108da2ee0, 0x0000000108da2ff0]
Event: 7.811 Thread 0x00007f852a04b800  761       3       com.sun.javafx.geom.transform.Affine3D::getMxz (5 bytes)
Event: 7.812 Thread 0x00007f852a04b800 nmethod 761 0x0000000108da3050 code [0x0000000108da31a0, 0x0000000108da32f0]
Event: 7.812 Thread 0x00007f852a04b800  762       3       com.sun.javafx.geom.transform.Affine3D::getMyz (5 bytes)
Event: 7.812 Thread 0x00007f852a04b800 nmethod 762 0x0000000108da3390 code [0x0000000108da34e0, 0x0000000108da3630]
Event: 8.275 Thread 0x00007f852a04b800  763       3       com.sun.glass.ui.Application::checkEventThread (48 bytes)
Event: 8.275 Thread 0x00007f852a04b800 nmethod 763 0x0000000108da36d0 code [0x0000000108da38c0, 0x0000000108da42d8]
Event: 8.277 Thread 0x00007f852a04a000  764       4       java.lang.ClassLoader::checkName (43 bytes)
Event: 8.280 Thread 0x00007f852a04a000 nmethod 764 0x0000000108da74d0 code [0x0000000108da7620, 0x0000000108da77d8]

GC Heap History (10 events):
Event: 1.063 GC heap before
{Heap before GC invocations=7 (full 0):
 PSYoungGen      total 3072K, used 2688K [0x00000007aab00000, 0x00000007aaf00000, 0x00000007c0000000)
  eden space 2048K, 100% used [0x00000007aab00000,0x00000007aad00000,0x00000007aad00000)
  from space 1024K, 62% used [0x00000007aae00000,0x00000007aaea0030,0x00000007aaf00000)
  to   space 1024K, 0% used [0x00000007aad00000,0x00000007aad00000,0x00000007aae00000)
 ParOldGen       total 64000K, used 248K [0x0000000780000000, 0x0000000783e80000, 0x00000007aab00000)
  object space 64000K, 0% used [0x0000000780000000,0x000000078003e000,0x0000000783e80000)
 Metaspace       used 5186K, capacity 6486K, committed 6656K, reserved 1056768K
  class space    used 592K, capacity 650K, committed 768K, reserved 1048576K
Event: 1.065 GC heap after
Heap after GC invocations=7 (full 0):
 PSYoungGen      total 3072K, used 768K [0x00000007aab00000, 0x00000007ab100000, 0x00000007c0000000)
  eden space 2048K, 0% used [0x00000007aab00000,0x00000007aab00000,0x00000007aad00000)
  from space 1024K, 75% used [0x00000007aad00000,0x00000007aadc0020,0x00000007aae00000)
  to   space 1024K, 0% used [0x00000007ab000000,0x00000007ab000000,0x00000007ab100000)
 ParOldGen       total 64000K, used 644K [0x0000000780000000, 0x0000000783e80000, 0x00000007aab00000)
  object space 64000K, 1% used [0x0000000780000000,0x00000007800a1060,0x0000000783e80000)
 Metaspace       used 5186K, capacity 6486K, committed 6656K, reserved 1056768K
  class space    used 592K, capacity 650K, committed 768K, reserved 1048576K
}
Event: 1.230 GC heap before
{Heap before GC invocations=8 (full 0):
 PSYoungGen      total 3072K, used 2815K [0x00000007aab00000, 0x00000007ab100000, 0x00000007c0000000)
  eden space 2048K, 99% used [0x00000007aab00000,0x00000007aacfff98,0x00000007aad00000)
  from space 1024K, 75% used [0x00000007aad00000,0x00000007aadc0020,0x00000007aae00000)
  to   space 1024K, 0% used [0x00000007ab000000,0x00000007ab000000,0x00000007ab100000)
 ParOldGen       total 64000K, used 644K [0x0000000780000000, 0x0000000783e80000, 0x00000007aab00000)
  object space 64000K, 1% used [0x0000000780000000,0x00000007800a1060,0x0000000783e80000)
 Metaspace       used 6196K, capacity 7446K, committed 7552K, reserved 1056768K
  class space    used 794K, capacity 842K, committed 896K, reserved 1048576K
Event: 1.262 GC heap after
Heap after GC invocations=8 (full 0):
 PSYoungGen      total 5120K, used 768K [0x00000007aab00000, 0x00000007ab100000, 0x00000007c0000000)
  eden space 4096K, 0% used [0x00000007aab00000,0x00000007aab00000,0x00000007aaf00000)
  from space 1024K, 75% used [0x00000007ab000000,0x00000007ab0c0020,0x00000007ab100000)
  to   space 1024K, 0% used [0x00000007aaf00000,0x00000007aaf00000,0x00000007ab000000)
 ParOldGen       total 64000K, used 692K [0x0000000780000000, 0x0000000783e80000, 0x00000007aab00000)
  object space 64000K, 1% used [0x0000000780000000,0x00000007800ad060,0x0000000783e80000)
 Metaspace       used 6196K, capacity 7446K, committed 7552K, reserved 1056768K
  class space    used 794K, capacity 842K, committed 896K, reserved 1048576K
}
Event: 1.466 GC heap before
{Heap before GC invocations=9 (full 0):
 PSYoungGen      total 5120K, used 4864K [0x00000007aab00000, 0x00000007ab100000, 0x00000007c0000000)
  eden space 4096K, 100% used [0x00000007aab00000,0x00000007aaf00000,0x00000007aaf00000)
  from space 1024K, 75% used [0x00000007ab000000,0x00000007ab0c0020,0x00000007ab100000)
  to   space 1024K, 0% used [0x00000007aaf00000,0x00000007aaf00000,0x00000007ab000000)
 ParOldGen       total 64000K, used 692K [0x0000000780000000, 0x0000000783e80000, 0x00000007aab00000)
  object space 64000K, 1% used [0x0000000780000000,0x00000007800ad060,0x0000000783e80000)
 Metaspace       used 7665K, capacity 8702K, committed 8832K, reserved 1056768K
  class space    used 1078K, capacity 1138K, committed 1152K, reserved 1048576K
Event: 1.477 GC heap after
Heap after GC invocations=9 (full 0):
 PSYoungGen      total 5120K, used 992K [0x00000007aab00000, 0x00000007ab480000, 0x00000007c0000000)
  eden space 4096K, 0% used [0x00000007aab00000,0x00000007aab00000,0x00000007aaf00000)
  from space 1024K, 96% used [0x00000007aaf00000,0x00000007aaff8010,0x00000007ab000000)
  to   space 1536K, 0% used [0x00000007ab300000,0x00000007ab300000,0x00000007ab480000)
 ParOldGen       total 64000K, used 1240K [0x0000000780000000, 0x0000000783e80000, 0x00000007aab00000)
  object space 64000K, 1% used [0x0000000780000000,0x00000007801363f0,0x0000000783e80000)
 Metaspace       used 7665K, capacity 8702K, committed 8832K, reserved 1056768K
  class space    used 1078K, capacity 1138K, committed 1152K, reserved 1048576K
}
Event: 1.947 GC heap before
{Heap before GC invocations=10 (full 0):
 PSYoungGen      total 5120K, used 5085K [0x00000007aab00000, 0x00000007ab480000, 0x00000007c0000000)
  eden space 4096K, 99% used [0x00000007aab00000,0x00000007aaeff6e8,0x00000007aaf00000)
  from space 1024K, 96% used [0x00000007aaf00000,0x00000007aaff8010,0x00000007ab000000)
  to   space 1536K, 0% used [0x00000007ab300000,0x00000007ab300000,0x00000007ab480000)
 ParOldGen       total 64000K, used 1240K [0x0000000780000000, 0x0000000783e80000, 0x00000007aab00000)
  object space 64000K, 1% used [0x0000000780000000,0x00000007801363f0,0x0000000783e80000)
 Metaspace       used 9162K, capacity 9982K, committed 10112K, reserved 1058816K
  class space    used 1292K, capacity 1330K, committed 1408K, reserved 1048576K
Event: 1.951 GC heap after
Heap after GC invocations=10 (full 0):
 PSYoungGen      total 8192K, used 1371K [0x00000007aab00000, 0x00000007ab480000, 0x00000007c0000000)
  eden space 6656K, 0% used [0x00000007aab00000,0x00000007aab00000,0x00000007ab180000)
  from space 1536K, 89% used [0x00000007ab300000,0x00000007ab456c30,0x00000007ab480000)
  to   space 1536K, 0% used [0x00000007ab180000,0x00000007ab180000,0x00000007ab300000)
 ParOldGen       total 64000K, used 1777K [0x0000000780000000, 0x0000000783e80000, 0x00000007aab00000)
  object space 64000K, 2% used [0x0000000780000000,0x00000007801bc400,0x0000000783e80000)
 Metaspace       used 9162K, capacity 9982K, committed 10112K, reserved 1058816K
  class space    used 1292K, capacity 1330K, committed 1408K, reserved 1048576K
}
Event: 2.708 GC heap before
{Heap before GC invocations=11 (full 0):
 PSYoungGen      total 8192K, used 8027K [0x00000007aab00000, 0x00000007ab480000, 0x00000007c0000000)
  eden space 6656K, 100% used [0x00000007aab00000,0x00000007ab180000,0x00000007ab180000)
  from space 1536K, 89% used [0x00000007ab300000,0x00000007ab456c30,0x00000007ab480000)
  to   space 1536K, 0% used [0x00000007ab180000,0x00000007ab180000,0x00000007ab300000)
 ParOldGen       total 64000K, used 1777K [0x0000000780000000, 0x0000000783e80000, 0x00000007aab00000)
  object space 64000K, 2% used [0x0000000780000000,0x00000007801bc400,0x0000000783e80000)
 Metaspace       used 11589K, capacity 12190K, committed 12416K, reserved 1060864K
  class space    used 1800K, capacity 1810K, committed 1920K, reserved 1048576K
Event: 2.713 GC heap after
Heap after GC invocations=11 (full 0):
 PSYoungGen      total 8192K, used 1024K [0x00000007aab00000, 0x00000007ab880000, 0x00000007c0000000)
  eden space 6656K, 0% used [0x00000007aab00000,0x00000007aab00000,0x00000007ab180000)
  from space 1536K, 66% used [0x00000007ab180000,0x00000007ab280000,0x00000007ab300000)
  to   space 1536K, 0% used [0x00000007ab700000,0x00000007ab700000,0x00000007ab880000)
 ParOldGen       total 64000K, used 3068K [0x0000000780000000, 0x0000000783e80000, 0x00000007aab00000)
  object space 64000K, 4% used [0x0000000780000000,0x00000007802ff040,0x0000000783e80000)
 Metaspace       used 11589K, capacity 12190K, committed 12416K, reserved 1060864K
  class space    used 1800K, capacity 1810K, committed 1920K, reserved 1048576K
}

Deoptimization events (10 events):
Event: 1.890 Thread 0x00007f852a0b8800 Uncommon trap: reason=unreached action=reinterpret pc=0x0000000108c92890 method=java.util.HashMap.hash(Ljava/lang/Object;)I @ 1
Event: 1.904 Thread 0x00007f852a0b8800 Uncommon trap: reason=class_check action=maybe_recompile pc=0x0000000108c8b4d0 method=java.io.DataInputStream.readShort()S @ 4
Event: 1.905 Thread 0x00007f852a0b8800 Uncommon trap: reason=class_check action=maybe_recompile pc=0x0000000108c8b4d0 method=java.io.DataInputStream.readShort()S @ 4
Event: 1.905 Thread 0x00007f852a0b8800 Uncommon trap: reason=class_check action=maybe_recompile pc=0x0000000108c8b4d0 method=java.io.DataInputStream.readShort()S @ 4
Event: 1.905 Thread 0x00007f852a0b8800 Uncommon trap: reason=class_check action=maybe_recompile pc=0x0000000108c8b4d0 method=java.io.DataInputStream.readShort()S @ 4
Event: 1.910 Thread 0x00007f852a0b8800 Uncommon trap: reason=class_check action=maybe_recompile pc=0x0000000108be309c method=java.lang.String.equals(Ljava/lang/Object;)Z @ 8
Event: 1.910 Thread 0x00007f852a0b8800 Uncommon trap: reason=class_check action=maybe_recompile pc=0x0000000108be309c method=java.lang.String.equals(Ljava/lang/Object;)Z @ 8
Event: 1.910 Thread 0x00007f852a0b8800 Uncommon trap: reason=class_check action=maybe_recompile pc=0x0000000108be309c method=java.lang.String.equals(Ljava/lang/Object;)Z @ 8
Event: 1.910 Thread 0x00007f852a0b8800 Uncommon trap: reason=class_check action=maybe_recompile pc=0x0000000108be309c method=java.lang.String.equals(Ljava/lang/Object;)Z @ 8
Event: 2.376 Thread 0x00007f852a0b8800 Uncommon trap: reason=unloaded action=reinterpret pc=0x0000000108c7cb58 method=java.lang.CharacterData.of(I)Ljava/lang/CharacterData; @ 96

Internal exceptions (10 events):
Event: 1.119 Thread 0x00007f852a0b8800 Exception <a 'java/lang/NullPointerException'> (0x00000007aac94c68) thrown at [/HUDSON/workspace/8-2-build-macosx-x86_64/jdk8u5/2488/hotspot/src/share/vm/interpreter/linkResolver.cpp, line 1169]
Event: 1.119 Thread 0x00007f852a0b8800 Exception <a 'java/lang/NullPointerException'> (0x00000007aac94c68) thrown at [/HUDSON/workspace/8-2-build-macosx-x86_64/jdk8u5/2488/hotspot/src/share/vm/prims/jvm.cpp, line 1252]
Event: 1.479 Thread 0x00007f852a0b8800 Exception <a 'java/security/PrivilegedActionException'> (0x00000007aab0b280) thrown at [/HUDSON/workspace/8-2-build-macosx-x86_64/jdk8u5/2488/hotspot/src/share/vm/prims/jvm.cpp, line 1248]
Event: 1.482 Thread 0x00007f852a0b8800 Exception <a 'java/security/PrivilegedActionException'> (0x00000007aab216d8) thrown at [/HUDSON/workspace/8-2-build-macosx-x86_64/jdk8u5/2488/hotspot/src/share/vm/prims/jvm.cpp, line 1248]
Event: 1.492 Thread 0x00007f852a0b8800 Exception <a 'java/security/PrivilegedActionException'> (0x00000007aab431b8) thrown at [/HUDSON/workspace/8-2-build-macosx-x86_64/jdk8u5/2488/hotspot/src/share/vm/prims/jvm.cpp, line 1248]
Event: 1.865 Thread 0x00007f852a0b8800 Exception <a 'java/io/FileNotFoundException'> (0x00000007aacc7e48) thrown at [/HUDSON/workspace/8-2-build-macosx-x86_64/jdk8u5/2488/hotspot/src/share/vm/prims/jni.cpp, line 716]
Event: 1.890 Thread 0x00007f852a0b8800 Implicit null exception at 0x0000000108c926b5 to 0x0000000108c92881
Event: 2.047 Thread 0x00007f852a0b8800 Exception <a 'java/security/PrivilegedActionException'> (0x00000007aad9dd28) thrown at [/HUDSON/workspace/8-2-build-macosx-x86_64/jdk8u5/2488/hotspot/src/share/vm/prims/jvm.cpp, line 1248]
Event: 2.049 Thread 0x00007f852a0b8800 Exception <a 'java/security/PrivilegedActionException'> (0x00000007aadb2210) thrown at [/HUDSON/workspace/8-2-build-macosx-x86_64/jdk8u5/2488/hotspot/src/share/vm/prims/jvm.cpp, line 1248]
Event: 2.050 Thread 0x00007f852a0b8800 Exception <a 'java/security/PrivilegedActionException'> (0x00000007aadce8a0) thrown at [/HUDSON/workspace/8-2-build-macosx-x86_64/jdk8u5/2488/hotspot/src/share/vm/prims/jvm.cpp, line 1248]

Events (10 events):
Event: 2.890 loading class com/sun/prism/impl/ps/CachingShapeRepState$MaskTexData
Event: 2.890 loading class com/sun/prism/impl/ps/CachingShapeRepState$MaskTexData done
Event: 2.890 loading class com/sun/prism/impl/ps/CachingShapeRepState$CSRDisposerRecord
Event: 2.890 loading class com/sun/prism/impl/ps/CachingShapeRepState$CSRDisposerRecord done
Event: 4.268 Executing VM operation: EnableBiasedLocking
Event: 4.268 Executing VM operation: EnableBiasedLocking done
Event: 8.276 loading class com/sun/javafx/application/PlatformImpl$9
Event: 8.276 loading class com/sun/javafx/application/PlatformImpl$9 done
Event: 8.278 loading class com/sun/javafx/tk/quantum/QuantumRenderer$4
Event: 8.278 loading class com/sun/javafx/tk/quantum/QuantumRenderer$4 done


Dynamic libraries:
0x00000000018bc000 	/System/Library/Frameworks/Cocoa.framework/Versions/A/Cocoa
0x00000000018bc000 	/System/Library/Frameworks/Security.framework/Versions/A/Security
0x00000000018bc000 	/System/Library/Frameworks/ApplicationServices.framework/Versions/A/ApplicationServices
0x00000000018bc000 	/usr/lib/libz.1.dylib
0x00000000018bc000 	/usr/lib/libSystem.B.dylib
0x00000000018bc000 	/usr/lib/libobjc.A.dylib
0x00000000018bc000 	/System/Library/Frameworks/CoreFoundation.framework/Versions/A/CoreFoundation
0x00000000018bc000 	/System/Library/Frameworks/Foundation.framework/Versions/C/Foundation
0x00000000018bc000 	/System/Library/Frameworks/AppKit.framework/Versions/C/AppKit
0x00000000018bc000 	/System/Library/Frameworks/CoreData.framework/Versions/A/CoreData
0x00000000018bc000 	/System/Library/PrivateFrameworks/RemoteViewServices.framework/Versions/A/RemoteViewServices
0x00000000018bc000 	/System/Library/PrivateFrameworks/UIFoundation.framework/Versions/A/UIFoundation
0x00000000018bc000 	/usr/lib/libScreenReader.dylib
0x00000000018bc000 	/System/Library/Frameworks/Accelerate.framework/Versions/A/Accelerate
0x00000000018bc000 	/System/Library/Frameworks/IOSurface.framework/Versions/A/IOSurface
0x00000000018bc000 	/System/Library/Frameworks/AudioToolbox.framework/Versions/A/AudioToolbox
0x00000000018bc000 	/System/Library/Frameworks/AudioUnit.framework/Versions/A/AudioUnit
0x00000000018bc000 	/System/Library/PrivateFrameworks/DataDetectorsCore.framework/Versions/A/DataDetectorsCore
0x00000000018bc000 	/System/Library/PrivateFrameworks/DesktopServicesPriv.framework/Versions/A/DesktopServicesPriv
0x00000000018bc000 	/System/Library/Frameworks/Carbon.framework/Versions/A/Frameworks/HIToolbox.framework/Versions/A/HIToolbox
0x00000000018bc000 	/System/Library/Frameworks/QuartzCore.framework/Versions/A/QuartzCore
0x00000000018bc000 	/System/Library/Frameworks/Carbon.framework/Versions/A/Frameworks/SpeechRecognition.framework/Versions/A/SpeechRecognition
0x00000000018bc000 	/usr/lib/libauto.dylib
0x00000000018bc000 	/usr/lib/libicucore.A.dylib
0x00000000018bc000 	/usr/lib/libxml2.2.dylib
0x00000000018bc000 	/System/Library/PrivateFrameworks/CoreUI.framework/Versions/A/CoreUI
0x00000000018bc000 	/System/Library/Frameworks/CoreAudio.framework/Versions/A/CoreAudio
0x00000000018bc000 	/System/Library/Frameworks/DiskArbitration.framework/Versions/A/DiskArbitration
0x00000000018bc000 	/usr/lib/liblangid.dylib
0x00000000018bc000 	/System/Library/PrivateFrameworks/MultitouchSupport.framework/Versions/A/MultitouchSupport
0x00000000018bc000 	/System/Library/Frameworks/IOKit.framework/Versions/A/IOKit
0x00000000018bc000 	/usr/lib/libDiagnosticMessagesClient.dylib
0x00000000018bc000 	/System/Library/Frameworks/CoreServices.framework/Versions/A/CoreServices
0x00000000018bc000 	/System/Library/PrivateFrameworks/PerformanceAnalysis.framework/Versions/A/PerformanceAnalysis
0x00000000018bc000 	/System/Library/PrivateFrameworks/GenerationalStorage.framework/Versions/A/GenerationalStorage
0x00000000018bc000 	/System/Library/Frameworks/OpenGL.framework/Versions/A/OpenGL
0x00000000018bc000 	/System/Library/PrivateFrameworks/Sharing.framework/Versions/A/Sharing
0x00000000018bc000 	/System/Library/Frameworks/CoreGraphics.framework/Versions/A/CoreGraphics
0x00000000018bc000 	/System/Library/Frameworks/CoreImage.framework/Versions/A/CoreImage
0x00000000018bc000 	/System/Library/Frameworks/CoreText.framework/Versions/A/CoreText
0x00000000018bc000 	/System/Library/Frameworks/ImageIO.framework/Versions/A/ImageIO
0x00000000018bc000 	/System/Library/PrivateFrameworks/Backup.framework/Versions/A/Backup
0x00000000018bc000 	/usr/lib/libextension.dylib
0x00000000018bc000 	/usr/lib/libarchive.2.dylib
0x00000000018bc000 	/System/Library/Frameworks/CFNetwork.framework/Versions/A/CFNetwork
0x00000000018bc000 	/System/Library/Frameworks/SystemConfiguration.framework/Versions/A/SystemConfiguration
0x00000000018bc000 	/usr/lib/libCRFSuite.dylib
0x00000000018bc000 	/usr/lib/libc++.1.dylib
0x00000000018bc000 	/usr/lib/libc++abi.dylib
0x00000000018bc000 	/usr/lib/system/libcache.dylib
0x00000000018bc000 	/usr/lib/system/libcommonCrypto.dylib
0x00000000018bc000 	/usr/lib/system/libcompiler_rt.dylib
0x00000000018bc000 	/usr/lib/system/libcopyfile.dylib
0x00000000018bc000 	/usr/lib/system/libcorecrypto.dylib
0x00000000018bc000 	/usr/lib/system/libdispatch.dylib
0x00000000018bc000 	/usr/lib/system/libdyld.dylib
0x00000000018bc000 	/usr/lib/system/libkeymgr.dylib
0x00000000018bc000 	/usr/lib/system/liblaunch.dylib
0x00000000018bc000 	/usr/lib/system/libmacho.dylib
0x00000000018bc000 	/usr/lib/system/libquarantine.dylib
0x00000000018bc000 	/usr/lib/system/libremovefile.dylib
0x00000000018bc000 	/usr/lib/system/libsystem_asl.dylib
0x00000000018bc000 	/usr/lib/system/libsystem_blocks.dylib
0x00000000018bc000 	/usr/lib/system/libsystem_c.dylib
0x00000000018bc000 	/usr/lib/system/libsystem_configuration.dylib
0x00000000018bc000 	/usr/lib/system/libsystem_coreservices.dylib
0x00000000018bc000 	/usr/lib/system/libsystem_coretls.dylib
0x00000000018bc000 	/usr/lib/system/libsystem_dnssd.dylib
0x00000000018bc000 	/usr/lib/system/libsystem_info.dylib
0x00000000018bc000 	/usr/lib/system/libsystem_kernel.dylib
0x00000000018bc000 	/usr/lib/system/libsystem_m.dylib
0x00000000018bc000 	/usr/lib/system/libsystem_malloc.dylib
0x00000000018bc000 	/usr/lib/system/libsystem_network.dylib
0x00000000018bc000 	/usr/lib/system/libsystem_networkextension.dylib
0x00000000018bc000 	/usr/lib/system/libsystem_notify.dylib
0x00000000018bc000 	/usr/lib/system/libsystem_platform.dylib
0x00000000018bc000 	/usr/lib/system/libsystem_pthread.dylib
0x00000000018bc000 	/usr/lib/system/libsystem_sandbox.dylib
0x00000000018bc000 	/usr/lib/system/libsystem_secinit.dylib
0x00000000018bc000 	/usr/lib/system/libsystem_trace.dylib
0x00000000018bc000 	/usr/lib/system/libunc.dylib
0x00000000018bc000 	/usr/lib/system/libunwind.dylib
0x00000000018bc000 	/usr/lib/system/libxpc.dylib
0x00000000018bc000 	/usr/lib/libenergytrace.dylib
0x00000000018bc000 	/usr/lib/libbsm.0.dylib
0x00000000018bc000 	/usr/lib/system/libkxld.dylib
0x00000000018bc000 	/usr/lib/libxar.1.dylib
0x00000000018bc000 	/usr/lib/libsqlite3.dylib
0x00000000018bc000 	/usr/lib/libpam.2.dylib
0x00000000018bc000 	/usr/lib/libOpenScriptingUtil.dylib
0x00000000018bc000 	/usr/lib/libbz2.1.0.dylib
0x00000000018bc000 	/usr/lib/liblzma.5.dylib
0x00000000018bc000 	/System/Library/Frameworks/CoreServices.framework/Versions/A/Frameworks/FSEvents.framework/Versions/A/FSEvents
0x00000000018bc000 	/System/Library/Frameworks/CoreServices.framework/Versions/A/Frameworks/CarbonCore.framework/Versions/A/CarbonCore
0x00000000018bc000 	/System/Library/Frameworks/CoreServices.framework/Versions/A/Frameworks/Metadata.framework/Versions/A/Metadata
0x00000000018bc000 	/System/Library/Frameworks/CoreServices.framework/Versions/A/Frameworks/OSServices.framework/Versions/A/OSServices
0x00000000018bc000 	/System/Library/Frameworks/CoreServices.framework/Versions/A/Frameworks/SearchKit.framework/Versions/A/SearchKit
0x00000000018bc000 	/System/Library/Frameworks/CoreServices.framework/Versions/A/Frameworks/AE.framework/Versions/A/AE
0x00000000018bc000 	/System/Library/Frameworks/CoreServices.framework/Versions/A/Frameworks/LaunchServices.framework/Versions/A/LaunchServices
0x00000000018bc000 	/System/Library/Frameworks/CoreServices.framework/Versions/A/Frameworks/DictionaryServices.framework/Versions/A/DictionaryServices
0x00000000018bc000 	/System/Library/Frameworks/CoreServices.framework/Versions/A/Frameworks/SharedFileList.framework/Versions/A/SharedFileList
0x00000000018bc000 	/System/Library/Frameworks/NetFS.framework/Versions/A/NetFS
0x00000000018bc000 	/System/Library/PrivateFrameworks/NetAuth.framework/Versions/A/NetAuth
0x00000000018bc000 	/System/Library/PrivateFrameworks/login.framework/Versions/A/Frameworks/loginsupport.framework/Versions/A/loginsupport
0x00000000018bc000 	/System/Library/PrivateFrameworks/TCC.framework/Versions/A/TCC
0x00000000018bc000 	/usr/lib/libmecabra.dylib
0x00000000018bc000 	/System/Library/Frameworks/ApplicationServices.framework/Versions/A/Frameworks/ATS.framework/Versions/A/ATS
0x00000000018bc000 	/System/Library/Frameworks/ApplicationServices.framework/Versions/A/Frameworks/ColorSync.framework/Versions/A/ColorSync
0x00000000018bc000 	/System/Library/Frameworks/ApplicationServices.framework/Versions/A/Frameworks/HIServices.framework/Versions/A/HIServices
0x00000000018bc000 	/System/Library/Frameworks/ApplicationServices.framework/Versions/A/Frameworks/LangAnalysis.framework/Versions/A/LangAnalysis
0x00000000018bc000 	/System/Library/Frameworks/ApplicationServices.framework/Versions/A/Frameworks/PrintCore.framework/Versions/A/PrintCore
0x00000000018bc000 	/System/Library/Frameworks/ApplicationServices.framework/Versions/A/Frameworks/QD.framework/Versions/A/QD
0x00000000018bc000 	/System/Library/Frameworks/ApplicationServices.framework/Versions/A/Frameworks/SpeechSynthesis.framework/Versions/A/SpeechSynthesis
0x00000000018bc000 	/System/Library/Frameworks/Metal.framework/Versions/A/Metal
0x00000000018bc000 	/System/Library/Frameworks/Accelerate.framework/Versions/A/Frameworks/vImage.framework/Versions/A/vImage
0x00000000018bc000 	/System/Library/Frameworks/Accelerate.framework/Versions/A/Frameworks/vecLib.framework/Versions/A/vecLib
0x00000000018bc000 	/System/Library/Frameworks/Accelerate.framework/Versions/A/Frameworks/vecLib.framework/Versions/A/libvDSP.dylib
0x00000000018bc000 	/System/Library/Frameworks/Accelerate.framework/Versions/A/Frameworks/vecLib.framework/Versions/A/libvMisc.dylib
0x00000000018bc000 	/System/Library/Frameworks/Accelerate.framework/Versions/A/Frameworks/vecLib.framework/Versions/A/libLAPACK.dylib
0x00000000018bc000 	/System/Library/Frameworks/Accelerate.framework/Versions/A/Frameworks/vecLib.framework/Versions/A/libBLAS.dylib
0x00000000018bc000 	/System/Library/Frameworks/Accelerate.framework/Versions/A/Frameworks/vecLib.framework/Versions/A/libLinearAlgebra.dylib
0x00000000018bc000 	/System/Library/Frameworks/Accelerate.framework/Versions/A/Frameworks/vecLib.framework/Versions/A/libSparseBLAS.dylib
0x00000000018bc000 	/System/Library/PrivateFrameworks/GPUCompiler.framework/libmetal_timestamp.dylib
0x00000000018bc000 	/System/Library/Frameworks/OpenGL.framework/Versions/A/Libraries/libCoreFSCache.dylib
0x00000000018bc000 	/System/Library/PrivateFrameworks/IOAccelerator.framework/Versions/A/IOAccelerator
0x00000000018bc000 	/System/Library/Frameworks/ApplicationServices.framework/Versions/A/Frameworks/ATS.framework/Versions/A/Resources/libFontParser.dylib
0x00000000018bc000 	/System/Library/Frameworks/ApplicationServices.framework/Versions/A/Frameworks/ATS.framework/Versions/A/Resources/libFontRegistry.dylib
0x00000000018bc000 	/System/Library/PrivateFrameworks/AppleVPA.framework/Versions/A/AppleVPA
0x00000000018bc000 	/System/Library/PrivateFrameworks/AppleJPEG.framework/Versions/A/AppleJPEG
0x00000000018bc000 	/System/Library/Frameworks/ImageIO.framework/Versions/A/Resources/libJPEG.dylib
0x00000000018bc000 	/System/Library/Frameworks/ImageIO.framework/Versions/A/Resources/libTIFF.dylib
0x00000000018bc000 	/System/Library/Frameworks/ImageIO.framework/Versions/A/Resources/libPng.dylib
0x00000000018bc000 	/System/Library/Frameworks/ImageIO.framework/Versions/A/Resources/libGIF.dylib
0x00000000018bc000 	/System/Library/Frameworks/ImageIO.framework/Versions/A/Resources/libJP2.dylib
0x00000000018bc000 	/System/Library/Frameworks/ImageIO.framework/Versions/A/Resources/libRadiance.dylib
0x00000000018bc000 	/System/Library/Frameworks/CoreVideo.framework/Versions/A/CoreVideo
0x00000000018bc000 	/System/Library/Frameworks/OpenGL.framework/Versions/A/Libraries/libGLU.dylib
0x00000000018bc000 	/System/Library/Frameworks/OpenGL.framework/Versions/A/Libraries/libGFXShared.dylib
0x00000000018bc000 	/System/Library/Frameworks/OpenGL.framework/Versions/A/Libraries/libGL.dylib
0x00000000018bc000 	/System/Library/Frameworks/OpenGL.framework/Versions/A/Libraries/libGLImage.dylib
0x00000000018bc000 	/System/Library/Frameworks/OpenGL.framework/Versions/A/Libraries/libCVMSPluginSupport.dylib
0x00000000018bc000 	/System/Library/Frameworks/OpenGL.framework/Versions/A/Libraries/libCoreVMClient.dylib
0x00000000018bc000 	/usr/lib/libcups.2.dylib
0x00000000018bc000 	/System/Library/Frameworks/Kerberos.framework/Versions/A/Kerberos
0x00000000018bc000 	/System/Library/Frameworks/GSS.framework/Versions/A/GSS
0x00000000018bc000 	/usr/lib/libresolv.9.dylib
0x00000000018bc000 	/usr/lib/libiconv.2.dylib
0x00000000018bc000 	/System/Library/PrivateFrameworks/Heimdal.framework/Versions/A/Heimdal
0x00000000018bc000 	/usr/lib/libheimdal-asn1.dylib
0x00000000018bc000 	/System/Library/Frameworks/OpenDirectory.framework/Versions/A/OpenDirectory
0x00000000018bc000 	/System/Library/PrivateFrameworks/CommonAuth.framework/Versions/A/CommonAuth
0x00000000018bc000 	/System/Library/Frameworks/OpenDirectory.framework/Versions/A/Frameworks/CFOpenDirectory.framework/Versions/A/CFOpenDirectory
0x00000000018bc000 	/System/Library/Frameworks/SecurityFoundation.framework/Versions/A/SecurityFoundation
0x00000000018bc000 	/System/Library/PrivateFrameworks/LanguageModeling.framework/Versions/A/LanguageModeling
0x00000000018bc000 	/usr/lib/libmarisa.dylib
0x00000000018bc000 	/usr/lib/libChineseTokenizer.dylib
0x00000000018bc000 	/usr/lib/libcmph.dylib
0x00000000018bc000 	/usr/lib/libcompression.dylib
0x00000000018bc000 	/System/Library/Frameworks/ServiceManagement.framework/Versions/A/ServiceManagement
0x00000000018bc000 	/usr/lib/libxslt.1.dylib
0x00000000018bc000 	/System/Library/Frameworks/Carbon.framework/Versions/A/Frameworks/Ink.framework/Versions/A/Ink
0x00000000018bc000 	/usr/lib/libFosl_dynamic.dylib
0x00000000018bc000 	/System/Library/PrivateFrameworks/FaceCore.framework/Versions/A/FaceCore
0x00000000018bc000 	/System/Library/Frameworks/OpenCL.framework/Versions/A/OpenCL
0x00000000018bc000 	/System/Library/PrivateFrameworks/CrashReporterSupport.framework/Versions/A/CrashReporterSupport
0x00000000018bc000 	/System/Library/PrivateFrameworks/IconServices.framework/Versions/A/IconServices
0x00000000018bc000 	/System/Library/PrivateFrameworks/Apple80211.framework/Versions/A/Apple80211
0x00000000018bc000 	/System/Library/Frameworks/CoreWLAN.framework/Versions/A/CoreWLAN
0x00000000018bc000 	/System/Library/Frameworks/IOBluetooth.framework/Versions/A/IOBluetooth
0x00000000018bc000 	/System/Library/PrivateFrameworks/CoreWiFi.framework/Versions/A/CoreWiFi
0x00000000018bc000 	/System/Library/Frameworks/CoreBluetooth.framework/Versions/A/CoreBluetooth
0x00000000018bc000 	/System/Library/PrivateFrameworks/ChunkingLibrary.framework/Versions/A/ChunkingLibrary
0x00000000018bc000 	/System/Library/PrivateFrameworks/DebugSymbols.framework/Versions/A/DebugSymbols
0x00000000018bc000 	/System/Library/PrivateFrameworks/CoreSymbolication.framework/Versions/A/CoreSymbolication
0x00000000018bc000 	/System/Library/PrivateFrameworks/Symbolication.framework/Versions/A/Symbolication
0x00000000018bc000 	/System/Library/PrivateFrameworks/SpeechRecognitionCore.framework/Versions/A/SpeechRecognitionCore
0x0000000107c00000 	/Library/Java/JavaVirtualMachines/jdk1.8.0_05.jdk/Contents/Home/jre/lib/server/libjvm.dylib
0x00000000018bc000 	/usr/lib/libstdc++.6.dylib
0x00000001072f5000 	/Library/Java/JavaVirtualMachines/jdk1.8.0_05.jdk/Contents/Home/jre/lib/libverify.dylib
0x0000000107303000 	/Library/Java/JavaVirtualMachines/jdk1.8.0_05.jdk/Contents/Home/jre/lib/libjava.dylib
0x0000000107341000 	/Library/Java/JavaVirtualMachines/jdk1.8.0_05.jdk/Contents/Home/jre/lib/libzip.dylib
0x00000001073e2000 	/System/Library/Frameworks/JavaVM.framework/Frameworks/JavaRuntimeSupport.framework/JavaRuntimeSupport
0x000000011be1f000 	/System/Library/Frameworks/JavaVM.framework/Versions/A/Frameworks/JavaNativeFoundation.framework/Versions/A/JavaNativeFoundation
0x000000011be34000 	/System/Library/Frameworks/JavaVM.framework/Versions/A/JavaVM
0x00000000018bc000 	/System/Library/Frameworks/Carbon.framework/Versions/A/Carbon
0x000000011be41000 	/System/Library/PrivateFrameworks/JavaLaunching.framework/Versions/A/JavaLaunching
0x00000000018bc000 	/System/Library/Frameworks/Carbon.framework/Versions/A/Frameworks/CommonPanels.framework/Versions/A/CommonPanels
0x00000000018bc000 	/System/Library/Frameworks/Carbon.framework/Versions/A/Frameworks/Help.framework/Versions/A/Help
0x00000000018bc000 	/System/Library/Frameworks/Carbon.framework/Versions/A/Frameworks/ImageCapture.framework/Versions/A/ImageCapture
0x00000000018bc000 	/System/Library/Frameworks/Carbon.framework/Versions/A/Frameworks/OpenScripting.framework/Versions/A/OpenScripting
0x00000000018bc000 	/System/Library/Frameworks/Carbon.framework/Versions/A/Frameworks/Print.framework/Versions/A/Print
0x00000000018bc000 	/System/Library/Frameworks/Carbon.framework/Versions/A/Frameworks/SecurityHI.framework/Versions/A/SecurityHI
0x000000011d807000 	/Library/Java/JavaVirtualMachines/jdk1.8.0_05.jdk/Contents/Home/jre/lib/libprism_es2.dylib
0x00000000018bc000 	/System/Library/Frameworks/OpenGL.framework/Versions/A/Resources/GLEngine.bundle/GLEngine
0x00000000018bc000 	/System/Library/Frameworks/OpenGL.framework/Versions/A/Libraries/libGLProgrammability.dylib
0x000000011d887000 	/System/Library/Extensions/ATIRadeonX2000GLDriver.bundle/Contents/MacOS/ATIRadeonX2000GLDriver
0x00000000018bc000 	/System/Library/PrivateFrameworks/GPUSupport.framework/Versions/A/Libraries/libGPUSupport.dylib
0x00000000018bc000 	/System/Library/Frameworks/OpenGL.framework/Versions/A/Resources/GLRendererFloat.bundle/GLRendererFloat
0x00000000018bc000 	/System/Library/Frameworks/OpenCL.framework/Versions/A/Libraries/libcldcpuengine.dylib
0x00000000018bc000 	/System/Library/PrivateFrameworks/DiskImages.framework/Versions/A/DiskImages
0x00000000018bc000 	/System/Library/Frameworks/DiscRecording.framework/Versions/A/DiscRecording
0x00000000018bc000 	/usr/lib/libcsfde.dylib
0x00000000018bc000 	/usr/lib/libcurl.4.dylib
0x00000000018bc000 	/System/Library/PrivateFrameworks/MediaKit.framework/Versions/A/MediaKit
0x00000000018bc000 	/System/Library/PrivateFrameworks/ProtectedCloudStorage.framework/Versions/A/ProtectedCloudStorage
0x00000000018bc000 	/usr/lib/libCoreStorage.dylib
0x00000000018bc000 	/System/Library/PrivateFrameworks/EFILogin.framework/Versions/A/EFILogin
0x00000000018bc000 	/usr/lib/libutil.dylib
0x00000000018bc000 	/System/Library/PrivateFrameworks/FindMyDevice.framework/Versions/A/FindMyDevice
0x00000000018bc000 	/System/Library/Frameworks/LDAP.framework/Versions/A/LDAP
0x00000000018bc000 	/usr/lib/libsasl2.2.dylib
0x00000000018bc000 	/System/Library/PrivateFrameworks/CoreDaemon.framework/Versions/B/CoreDaemon
0x00000000018bc000 	/usr/lib/libcrypto.0.9.8.dylib
0x00000000018bc000 	/System/Library/PrivateFrameworks/AppleSRP.framework/Versions/A/AppleSRP
0x00000000018bc000 	/System/Library/PrivateFrameworks/TrustEvaluationAgent.framework/Versions/A/TrustEvaluationAgent
0x000000011db8c000 	/Library/Java/JavaVirtualMachines/jdk1.8.0_05.jdk/Contents/Home/jre/lib/libglass.dylib
0x00000000018bc000 	/System/Library/PrivateFrameworks/CoreServicesInternal.framework/Versions/A/CoreServicesInternal
0x00000000018bc000 	/System/Library/CoreServices/RawCamera.bundle/Contents/MacOS/RawCamera
0x00000000018bc000 	/System/Library/Frameworks/CoreGraphics.framework/Versions/A/Resources/libRIP.A.dylib
0x00000000018bc000 	/System/Library/Frameworks/Accelerate.framework/Versions/A/Frameworks/vImage.framework/Versions/A/Libraries/libCGInterfaces.dylib
0x00000000018bc000 	/System/Library/PrivateFrameworks/FamilyControls.framework/Versions/A/FamilyControls
0x00000000018bc000 	/System/Library/PrivateFrameworks/CommerceKit.framework/Versions/A/Frameworks/CommerceCore.framework/Versions/A/CommerceCore
0x00000000018bc000 	/System/Library/PrivateFrameworks/SystemAdministration.framework/Versions/A/SystemAdministration
0x00000000018bc000 	/System/Library/PrivateFrameworks/AppContainer.framework/Versions/A/AppContainer
0x00000000018bc000 	/System/Library/PrivateFrameworks/SecCodeWrapper.framework/Versions/A/SecCodeWrapper
0x00000000018bc000 	/System/Library/Frameworks/DirectoryService.framework/Versions/A/DirectoryService
0x00000000018bc000 	/System/Library/PrivateFrameworks/LoginUIKit.framework/Versions/A/Frameworks/LoginUICore.framework/Versions/A/LoginUICore
0x00000000018bc000 	/usr/lib/libodfde.dylib
0x00000000018bc000 	/System/Library/Frameworks/CoreGraphics.framework/Versions/A/Resources/libCGXType.A.dylib
0x0000000120448000 	/Library/Java/JavaVirtualMachines/jdk1.8.0_05.jdk/Contents/Home/jre/lib/libjavafx_font.dylib
0x00000001215df000 	cl_kernels
0x00000000018bc000 	/System/Library/Frameworks/OpenCL.framework/Versions/A/Libraries/ImageFormats/unorm8_bgra.dylib
0x00000000018bc000 	/System/Library/Frameworks/OpenCL.framework/Versions/A/Libraries/ImageFormats/unorm8_rgba.dylib
0x00000001215ce000 	/Library/Java/JavaVirtualMachines/jdk1.8.0_05.jdk/Contents/Home/jre/lib/libprism_common.dylib

VM Arguments:
jvm_args: -Dfile.encoding=UTF-8 
java_command: foodbankyfs.FbMainFx
java_class_path (initial): /Users/clubs/Desktop/IT/Java/FoodBankYFS/build/classes
Launcher Type: SUN_STANDARD

Environment Variables:
PATH=/usr/bin:/bin:/usr/sbin:/sbin
LD_LIBRARY_PATH=/Library/Java/JavaVirtualMachines/jdk1.8.0_05.jdk/Contents/Home/jre/lib/amd64:/Library/Java/JavaVirtualMachines/jdk1.8.0_05.jdk/Contents/Home/jre/lib/i386:
SHELL=/bin/bash
DISPLAY=/private/tmp/com.apple.launchd.ACzf3Ni3hh/org.macosforge.xquartz:0

Signal Handlers:
SIGSEGV: [libjvm.dylib+0x55f7df], sa_mask[0]=0xfffefeff, sa_flags=0x00000043
SIGBUS: [libjvm.dylib+0x55f7df], sa_mask[0]=0xfffefeff, sa_flags=0x00000042
SIGFPE: [libjvm.dylib+0x442cfa], sa_mask[0]=0xfffefeff, sa_flags=0x00000042
SIGPIPE: [libjvm.dylib+0x442cfa], sa_mask[0]=0xfffefeff, sa_flags=0x00000042
SIGXFSZ: [libjvm.dylib+0x442cfa], sa_mask[0]=0xfffefeff, sa_flags=0x00000042
SIGILL: [libjvm.dylib+0x442cfa], sa_mask[0]=0xfffefeff, sa_flags=0x00000042
SIGUSR1: SIG_DFL, sa_mask[0]=0x00000000, sa_flags=0x00000000
SIGUSR2: [libjvm.dylib+0x442818], sa_mask[0]=0x00000004, sa_flags=0x00000042
SIGHUP: [libjvm.dylib+0x440ba5], sa_mask[0]=0xfffefeff, sa_flags=0x00000042
SIGINT: SIG_IGN, sa_mask[0]=0x00000000, sa_flags=0x00000000
SIGTERM: [libjvm.dylib+0x440ba5], sa_mask[0]=0xfffefeff, sa_flags=0x00000042
SIGQUIT: [libjvm.dylib+0x440ba5], sa_mask[0]=0xfffefeff, sa_flags=0x00000042


---------------  S Y S T E M  ---------------

OS:Bsduname:Darwin 15.3.0 Darwin Kernel Version 15.3.0: Thu Dec 10 18:40:58 PST 2015; root:xnu-3248.30.4~1/RELEASE_X86_64 x86_64
rlimit: STACK 8192k, CORE 0k, NPROC 709, NOFILE 10240, AS infinity
load average:4.12 1.86 1.53

CPU:total 4 (2 cores per cpu, 2 threads per core) family 6 model 37 stepping 5, cmov, cx8, fxsr, mmx, sse, sse2, sse3, ssse3, sse4.1, sse4.2, popcnt, ht, tsc, tscinvbit

Memory: 4k page, physical 4194304k(28192k free)

/proc/meminfo:


vm_info: Java HotSpot(TM) 64-Bit Server VM (25.5-b02) for bsd-amd64 JRE (1.8.0_05-b13), built on Mar 18 2014 00:36:13 by "java_re" with gcc 4.2.1 (Based on Apple Inc. build 5658) (LLVM build 2336.11.00)

time: Wed Feb 17 14:54:08 2016
elapsed time: 8 seconds

